<?xml version="1.0" encoding="UTF-8"?>
<!-- Generated by org.testng.reporters.JUnitReportReporter -->
<testsuite hostname="FEUJI-V012D" failures="0" tests="4" name="com.stepdefinitions.TestRunner" time="36.198" errors="0" timestamp="2024-03-18T16:55:56 IST" skipped="0">
  <testcase classname="com.stepdefinitions.TestRunner" name="runScenario" time="11.324"/>
  <system-out/>
  <testcase classname="com.stepdefinitions.TestRunner" name="runScenario" time="5.023"/>
  <system-out/>
  <testcase classname="com.stepdefinitions.TestRunner" name="runScenario" time="14.835"/>
  <system-out/>
  <testcase classname="com.stepdefinitions.TestRunner" name="runScenario" time="5.016"/>
  <system-out/>
</testsuite> <!-- com.stepdefinitions.TestRunner -->
